.F.F.F.F.F.F.F.F.F.F
Time: 0.002
There were 10 failures:
1) warning(junit.framework.TestSuite$1)junit.framework.AssertionFailedError: Exception in constructor: testNgInjectAddsInjectToFunctions (java.lang.NoClassDefFoundError: com/google/common/collect/ImmutableList
	at com.google.javascript.jscomp.CompilerTestCase.<init>(CompilerTestCase.java:157)
	at com.google.javascript.jscomp.CompilerTestCase.<init>(CompilerTestCase.java:176)
	at com.google.javascript.jscomp.AngularPassTest.<init>(AngularPassTest.java:26)
	at sun.reflect.NativeConstructorAccessorImpl.newInstance0(Native Method)
	at sun.reflect.NativeConstructorAccessorImpl.newInstance(NativeConstructorAccessorImpl.java:57)
	at sun.reflect.DelegatingConstructorAccessorImpl.newInstance(DelegatingConstructorAccessorImpl.java:45)
	at java.lang.reflect.Constructor.newInstance(Constructor.java:526)
	at junit.runner.BaseTestRunner.getTest(BaseTestRunner.java:117)
Caused by: java.lang.ClassNotFoundException: com.google.common.collect.ImmutableList
	at java.net.URLClassLoader$1.run(URLClassLoader.java:366)
	at java.net.URLClassLoader$1.run(URLClassLoader.java:355)
	at java.security.AccessController.doPrivileged(Native Method)
	at java.net.URLClassLoader.findClass(URLClassLoader.java:354)
	at java.lang.ClassLoader.loadClass(ClassLoader.java:425)
	at sun.misc.Launcher$AppClassLoader.loadClass(Launcher.java:308)
	at java.lang.ClassLoader.loadClass(ClassLoader.java:358)
	... 14 more
)
2) warning(junit.framework.TestSuite$1)junit.framework.AssertionFailedError: Exception in constructor: testNgInjectAddsInjectAfterGoogInherits (java.lang.NoClassDefFoundError: com/google/common/collect/ImmutableList
	at com.google.javascript.jscomp.CompilerTestCase.<init>(CompilerTestCase.java:157)
	at com.google.javascript.jscomp.CompilerTestCase.<init>(CompilerTestCase.java:176)
	at com.google.javascript.jscomp.AngularPassTest.<init>(AngularPassTest.java:26)
	at sun.reflect.NativeConstructorAccessorImpl.newInstance0(Native Method)
	at sun.reflect.NativeConstructorAccessorImpl.newInstance(NativeConstructorAccessorImpl.java:57)
	at sun.reflect.DelegatingConstructorAccessorImpl.newInstance(DelegatingConstructorAccessorImpl.java:45)
	at java.lang.reflect.Constructor.newInstance(Constructor.java:526)
	at junit.runner.BaseTestRunner.getTest(BaseTestRunner.java:117)
)
3) warning(junit.framework.TestSuite$1)junit.framework.AssertionFailedError: Exception in constructor: testNgInjectAddsInjectToProps (java.lang.NoClassDefFoundError: com/google/common/collect/ImmutableList
	at com.google.javascript.jscomp.CompilerTestCase.<init>(CompilerTestCase.java:157)
	at com.google.javascript.jscomp.CompilerTestCase.<init>(CompilerTestCase.java:176)
	at com.google.javascript.jscomp.AngularPassTest.<init>(AngularPassTest.java:26)
	at sun.reflect.NativeConstructorAccessorImpl.newInstance0(Native Method)
	at sun.reflect.NativeConstructorAccessorImpl.newInstance(NativeConstructorAccessorImpl.java:57)
	at sun.reflect.DelegatingConstructorAccessorImpl.newInstance(DelegatingConstructorAccessorImpl.java:45)
	at java.lang.reflect.Constructor.newInstance(Constructor.java:526)
	at junit.runner.BaseTestRunner.getTest(BaseTestRunner.java:117)
)
4) warning(junit.framework.TestSuite$1)junit.framework.AssertionFailedError: Exception in constructor: testNgInjectAddsInjectToNestedProps (java.lang.NoClassDefFoundError: com/google/common/collect/ImmutableList
	at com.google.javascript.jscomp.CompilerTestCase.<init>(CompilerTestCase.java:157)
	at com.google.javascript.jscomp.CompilerTestCase.<init>(CompilerTestCase.java:176)
	at com.google.javascript.jscomp.AngularPassTest.<init>(AngularPassTest.java:26)
	at sun.reflect.NativeConstructorAccessorImpl.newInstance0(Native Method)
	at sun.reflect.NativeConstructorAccessorImpl.newInstance(NativeConstructorAccessorImpl.java:57)
	at sun.reflect.DelegatingConstructorAccessorImpl.newInstance(DelegatingConstructorAccessorImpl.java:45)
	at java.lang.reflect.Constructor.newInstance(Constructor.java:526)
	at junit.runner.BaseTestRunner.getTest(BaseTestRunner.java:117)
)
5) warning(junit.framework.TestSuite$1)junit.framework.AssertionFailedError: Exception in constructor: testNgInjectAddsInjectToVars (java.lang.NoClassDefFoundError: com/google/common/collect/ImmutableList
	at com.google.javascript.jscomp.CompilerTestCase.<init>(CompilerTestCase.java:157)
	at com.google.javascript.jscomp.CompilerTestCase.<init>(CompilerTestCase.java:176)
	at com.google.javascript.jscomp.AngularPassTest.<init>(AngularPassTest.java:26)
	at sun.reflect.NativeConstructorAccessorImpl.newInstance0(Native Method)
	at sun.reflect.NativeConstructorAccessorImpl.newInstance(NativeConstructorAccessorImpl.java:57)
	at sun.reflect.DelegatingConstructorAccessorImpl.newInstance(DelegatingConstructorAccessorImpl.java:45)
	at java.lang.reflect.Constructor.newInstance(Constructor.java:526)
	at junit.runner.BaseTestRunner.getTest(BaseTestRunner.java:117)
)
6) warning(junit.framework.TestSuite$1)junit.framework.AssertionFailedError: Exception in constructor: testNgInjectAddsInjectToVarsWithChainedAssignment (java.lang.NoClassDefFoundError: com/google/common/collect/ImmutableList
	at com.google.javascript.jscomp.CompilerTestCase.<init>(CompilerTestCase.java:157)
	at com.google.javascript.jscomp.CompilerTestCase.<init>(CompilerTestCase.java:176)
	at com.google.javascript.jscomp.AngularPassTest.<init>(AngularPassTest.java:26)
	at sun.reflect.NativeConstructorAccessorImpl.newInstance0(Native Method)
	at sun.reflect.NativeConstructorAccessorImpl.newInstance(NativeConstructorAccessorImpl.java:57)
	at sun.reflect.DelegatingConstructorAccessorImpl.newInstance(DelegatingConstructorAccessorImpl.java:45)
	at java.lang.reflect.Constructor.newInstance(Constructor.java:526)
	at junit.runner.BaseTestRunner.getTest(BaseTestRunner.java:117)
)
7) warning(junit.framework.TestSuite$1)junit.framework.AssertionFailedError: Exception in constructor: testNgInjectInBlock (java.lang.NoClassDefFoundError: com/google/common/collect/ImmutableList
	at com.google.javascript.jscomp.CompilerTestCase.<init>(CompilerTestCase.java:157)
	at com.google.javascript.jscomp.CompilerTestCase.<init>(CompilerTestCase.java:176)
	at com.google.javascript.jscomp.AngularPassTest.<init>(AngularPassTest.java:26)
	at sun.reflect.NativeConstructorAccessorImpl.newInstance0(Native Method)
	at sun.reflect.NativeConstructorAccessorImpl.newInstance(NativeConstructorAccessorImpl.java:57)
	at sun.reflect.DelegatingConstructorAccessorImpl.newInstance(DelegatingConstructorAccessorImpl.java:45)
	at java.lang.reflect.Constructor.newInstance(Constructor.java:526)
	at junit.runner.BaseTestRunner.getTest(BaseTestRunner.java:117)
)
8) warning(junit.framework.TestSuite$1)junit.framework.AssertionFailedError: Exception in constructor: testNgInjectAddsToTheRightBlock (java.lang.NoClassDefFoundError: com/google/common/collect/ImmutableList
	at com.google.javascript.jscomp.CompilerTestCase.<init>(CompilerTestCase.java:157)
	at com.google.javascript.jscomp.CompilerTestCase.<init>(CompilerTestCase.java:176)
	at com.google.javascript.jscomp.AngularPassTest.<init>(AngularPassTest.java:26)
	at sun.reflect.NativeConstructorAccessorImpl.newInstance0(Native Method)
	at sun.reflect.NativeConstructorAccessorImpl.newInstance(NativeConstructorAccessorImpl.java:57)
	at sun.reflect.DelegatingConstructorAccessorImpl.newInstance(DelegatingConstructorAccessorImpl.java:45)
	at java.lang.reflect.Constructor.newInstance(Constructor.java:526)
	at junit.runner.BaseTestRunner.getTest(BaseTestRunner.java:117)
)
9) warning(junit.framework.TestSuite$1)junit.framework.AssertionFailedError: Exception in constructor: testNgInjectInNonBlock (java.lang.NoClassDefFoundError: com/google/common/collect/ImmutableList
	at com.google.javascript.jscomp.CompilerTestCase.<init>(CompilerTestCase.java:157)
	at com.google.javascript.jscomp.CompilerTestCase.<init>(CompilerTestCase.java:176)
	at com.google.javascript.jscomp.AngularPassTest.<init>(AngularPassTest.java:26)
	at sun.reflect.NativeConstructorAccessorImpl.newInstance0(Native Method)
	at sun.reflect.NativeConstructorAccessorImpl.newInstance(NativeConstructorAccessorImpl.java:57)
	at sun.reflect.DelegatingConstructorAccessorImpl.newInstance(DelegatingConstructorAccessorImpl.java:45)
	at java.lang.reflect.Constructor.newInstance(Constructor.java:526)
	at junit.runner.BaseTestRunner.getTest(BaseTestRunner.java:117)
)
10) warning(junit.framework.TestSuite$1)junit.framework.AssertionFailedError: Exception in constructor: testNgInjectNonFunction (java.lang.NoClassDefFoundError: com/google/common/collect/ImmutableList
	at com.google.javascript.jscomp.CompilerTestCase.<init>(CompilerTestCase.java:157)
	at com.google.javascript.jscomp.CompilerTestCase.<init>(CompilerTestCase.java:176)
	at com.google.javascript.jscomp.AngularPassTest.<init>(AngularPassTest.java:26)
	at sun.reflect.NativeConstructorAccessorImpl.newInstance0(Native Method)
	at sun.reflect.NativeConstructorAccessorImpl.newInstance(NativeConstructorAccessorImpl.java:57)
	at sun.reflect.DelegatingConstructorAccessorImpl.newInstance(DelegatingConstructorAccessorImpl.java:45)
	at java.lang.reflect.Constructor.newInstance(Constructor.java:526)
	at junit.runner.BaseTestRunner.getTest(BaseTestRunner.java:117)
)

FAILURES!!!
Tests run: 10,  Failures: 10,  Errors: 0

